<?xml version="1.0" encoding="UTF-8"?>
<!-- Generated by org.testng.reporters.JUnitReportReporter -->
<testsuite hostname="DESKTOP-4334PHR" name="com.rameshsoft.automation.gmail.scripts.DatePickerDemoTest" tests="1" failures="0" timestamp="23 May 2020 04:48:20 GMT" time="31.170" errors="0">
  <testcase name="selectCurDate" time="31.170" classname="com.rameshsoft.automation.gmail.scripts.DatePickerDemoTest"/>
</testsuite> <!-- com.rameshsoft.automation.gmail.scripts.DatePickerDemoTest -->
