<?xml version="1.0" encoding="UTF-8"?>
<!-- Generated by org.testng.reporters.JUnitReportReporter -->
<testsuite hostname="DESKTOP-4334PHR" name="com.rameshsoft.automation.gmail.scripts.MultiwindowDemo" tests="1" failures="0" timestamp="7 Jun 2020 06:15:20 GMT" time="15.116" errors="0">
  <testcase name="instituteDemo" time="15.116" classname="com.rameshsoft.automation.gmail.scripts.MultiwindowDemo"/>
</testsuite> <!-- com.rameshsoft.automation.gmail.scripts.MultiwindowDemo -->
