<?xml version="1.0" encoding="UTF-8"?>
<!-- Generated by org.testng.reporters.JUnitReportReporter -->
<testsuite hostname="DESKTOP-4334PHR" name="com.rameshsoft.automation.gmail.scripts.POM_Gmail_Test" tests="1" failures="0" timestamp="23 May 2020 04:48:20 GMT" time="5.408" errors="0">
  <testcase name="flipkart_electronics_mobile_Test" time="5.408" classname="com.rameshsoft.automation.gmail.scripts.POM_Gmail_Test"/>
</testsuite> <!-- com.rameshsoft.automation.gmail.scripts.POM_Gmail_Test -->
