<?xml version="1.0" encoding="UTF-8"?>
<!-- Generated by org.testng.reporters.JUnitReportReporter -->
<testsuite hostname="DESKTOP-4334PHR" name="com.rameshsoft.automation.gmail.scripts.FaceBookTest" tests="2" failures="0" timestamp="5 Jul 2020 05:06:25 GMT" time="5.845" errors="0">
  <testcase name="fbTest1" time="0.826" classname="com.rameshsoft.automation.gmail.scripts.FaceBookTest"/>
  <testcase name="fbTest" time="5.019" classname="com.rameshsoft.automation.gmail.scripts.FaceBookTest"/>
</testsuite> <!-- com.rameshsoft.automation.gmail.scripts.FaceBookTest -->
