<?xml version="1.0" encoding="UTF-8"?>
<!-- Generated by org.testng.reporters.JUnitReportReporter -->
<testsuite skipped="0" hostname="RameshSir-PC" name="hello1123.thirdmavenproject.Demo" tests="1" failures="0" timestamp="2020-05-03T09:59:01 IST" time="0.008" errors="0">
  <testcase name="demo" time="0.008" classname="hello1123.thirdmavenproject.Demo"/>
  <system-out/>
</testsuite> <!-- hello1123.thirdmavenproject.Demo -->
