<?xml version="1.0" encoding="UTF-8"?>
<!-- Generated by org.testng.reporters.JUnitReportReporter -->
<testsuite skipped="0" hostname="RameshSir-PC" name="com.rameshsoft.automation.gmail.scripts.DatePickerDemoTest" tests="1" failures="0" timestamp="2020-05-05T09:48:54 IST" time="26.447" errors="0">
  <testcase name="selectCurDate" time="26.447" classname="com.rameshsoft.automation.gmail.scripts.DatePickerDemoTest"/>
  <system-out/>
</testsuite> <!-- com.rameshsoft.automation.gmail.scripts.DatePickerDemoTest -->
