<?xml version="1.0" encoding="UTF-8"?>
<!-- Generated by org.testng.reporters.JUnitReportReporter -->
<testsuite skipped="0" hostname="DESKTOP-4334PHR" name="com.rameshsoft.automation.gmail.scripts.SampleTest" tests="1" failures="0" timestamp="2020-07-13T15:51:18 IST" time="0.008" errors="0">
  <testcase name="demo" time="0.008" classname="com.rameshsoft.automation.gmail.scripts.SampleTest"/>
  <system-out/>
</testsuite> <!-- com.rameshsoft.automation.gmail.scripts.SampleTest -->
