<?xml version="1.0" encoding="UTF-8"?>
<!-- Generated by org.testng.reporters.JUnitReportReporter -->
<testsuite skipped="0" hostname="RameshSir-PC" name="com.rameshsoft.automation.gmail.scripts.POM_Flipkart_Test" tests="1" failures="0" timestamp="2020-05-05T09:48:54 IST" time="8.156" errors="0">
  <testcase name="electronics_MouseHover_Test" time="8.156" classname="com.rameshsoft.automation.gmail.scripts.POM_Flipkart_Test"/>
  <system-out/>
</testsuite> <!-- com.rameshsoft.automation.gmail.scripts.POM_Flipkart_Test -->
