<?xml version="1.0" encoding="UTF-8"?>
<!-- Generated by org.testng.reporters.JUnitReportReporter -->
<testsuite skipped="0" hostname="RameshSir-PC" name="com.rameshsoft.automation.gmail.scripts.POM_Gmail_Test" tests="1" failures="0" timestamp="2020-05-05T09:48:54 IST" time="6.764" errors="0">
  <testcase name="flipkart_electronics_mobile_Test" time="6.764" classname="com.rameshsoft.automation.gmail.scripts.POM_Gmail_Test"/>
  <system-out/>
</testsuite> <!-- com.rameshsoft.automation.gmail.scripts.POM_Gmail_Test -->
