<?xml version="1.0" encoding="UTF-8"?>
<!-- Generated by org.testng.reporters.JUnitReportReporter -->
<testsuite skipped="0" hostname="DESKTOP-4334PHR" name="com.rameshsoft.automation.gmail.scripts.MultiwindowDemo" tests="1" failures="0" timestamp="2020-07-05T10:53:31 IST" time="10.004" errors="0">
  <testcase name="instituteDemo" time="10.004" classname="com.rameshsoft.automation.gmail.scripts.MultiwindowDemo"/>
  <system-out/>
</testsuite> <!-- com.rameshsoft.automation.gmail.scripts.MultiwindowDemo -->
