<?xml version="1.0" encoding="UTF-8"?>
<!-- Generated by org.testng.reporters.JUnitReportReporter -->
<testsuite skipped="0" hostname="DESKTOP-4334PHR" name="com.rameshsoft.automation.gmail.scripts.FaceBookTest" tests="2" failures="0" timestamp="2020-07-05T11:17:33 IST" time="4.236" errors="0">
  <testcase name="fbTest" time="3.036" classname="com.rameshsoft.automation.gmail.scripts.FaceBookTest"/>
  <system-out/>
  <testcase name="fbTest1" time="1.200" classname="com.rameshsoft.automation.gmail.scripts.FaceBookTest"/>
  <system-out/>
</testsuite> <!-- com.rameshsoft.automation.gmail.scripts.FaceBookTest -->
